INFO:root:Download completed: /
INFO:root:Download completed: /
INFO:root:Download completed: /
INFO:root:Download completed: /
INFO:root:Download completed: /
INFO:root:Download completed: /
INFO:root:Download completed: /
INFO:root:Download completed: /
INFO:root:Download completed: /favicon.ico
INFO:root:Download completed: /2024-05-11/
INFO:root:Download completed: /2024-05-11/125724_143.jpg
INFO:root:Download completed: /2024-05-11/125724_143.json
INFO:root:Download completed: /2024-05-11/125735_763.jpg
INFO:root:Download completed: /2024-05-11/
INFO:root:Download completed: /2024-05-11/
INFO:root:Download completed: /
INFO:root:Download completed: /robots.txt
INFO:root:Download completed: /2024-05-11/
INFO:root:Download completed: /2024-05-11/125724_143.jpg
INFO:root:Download completed: /2024-05-11/125724_143.json
INFO:root:Download completed: /2024-05-11/125735_763.jpg
INFO:root:Download completed: /2024-05-11/125735_763.json
INFO:root:Download completed: /2024-05-11/130249_022.jpg
INFO:root:Download completed: /2024-05-11/130249_022.json
INFO:root:Download completed: /
INFO:root:Download completed: /
INFO:root:Download completed: /
INFO:root:Download completed: /
INFO:root:Download completed: /
INFO:root:Download completed: /robots.txt
INFO:root:Download completed: /2024-05-11/
INFO:root:Download completed: /
INFO:root:Download completed: /robots.txt
INFO:root:Download completed: /2024-05-11/
INFO:root:Download completed: /
INFO:root:Download completed: /robots.txt
INFO:root:Download completed: /2024-05-11/
INFO:root:Download completed: /DJI_0199.MOV
INFO:root:Download completed: /2024-05-11/125724_143.jpg
INFO:root:Download completed: /2024-05-11/125724_143.json
INFO:root:Download completed: /2024-05-11/125735_763.jpg
INFO:root:Download completed: /2024-05-11/125735_763.json
INFO:root:Download completed: /2024-05-11/130249_022.jpg
INFO:root:Download completed: /2024-05-11/130249_022.json
INFO:root:Download completed: /?drone_id=1
INFO:root:Download completed: /robots.txt
INFO:root:Download completed: /2024-05-11/
INFO:root:Download completed: /?drone_id=1
INFO:root:Download completed: /robots.txt
INFO:root:Download completed: /2024-05-11/
INFO:root:Download completed: /?drone_id=1
INFO:root:Download completed: /robots.txt
INFO:root:Download completed: /2024-05-11/
INFO:root:Download completed: /?drone_id=1
INFO:root:Download completed: /robots.txt
INFO:root:Download completed: /2024-05-11/
INFO:root:Download completed: /?drone_id=1
INFO:root:Download completed: /robots.txt
INFO:root:Download completed: /2024-05-11/
INFO:root:Download completed: /DJI_0199.MOV
INFO:root:Download completed: /2024-05-11/125724_143.jpg
INFO:root:Download completed: /2024-05-11/125724_143.json
INFO:root:Download completed: /2024-05-11/125735_763.jpg
INFO:root:Download completed: /2024-05-11/125735_763.json
INFO:root:Download completed: /2024-05-11/130249_022.jpg
INFO:root:Download completed: /2024-05-11/130249_022.json
INFO:root:Download completed: /
INFO:root:Download completed: /robots.txt
INFO:root:Download completed: /2024-05-11/
INFO:root:Download completed: /DJI_0199.MOV
INFO:root:Download completed: /2024-05-11/125724_143.jpg
